<?xml version="1.0" encoding="UTF-8"?>
<!-- Generated by org.testng.reporters.JUnitXMLReporter -->
<testsuite ignored="1" hostname="DESKTOP-K9CMI3T" failures="0" tests="3" name="App Test" time="66.231" errors="0" timestamp="2024-03-24T19:35:10 IST">
  <testcase classname="com.rahulshetty.testcomponents.AppTest" name="submitOrderTest" time="18.692">
    <skipped/>
  </testcase> <!-- submitOrderTest -->
  <testcase classname="com.rahulshetty.testcomponents.AppTest" name="submitOrderTest" time="4.945"/>
  <testcase classname="com.rahulshetty.testcomponents.AppTest" name="historyOrder" time="1.555"/>
  <testcase classname="com.rahulshetty.testcomponents.AppTest" name="checkTest" time="0.0">
    <ignored/>
  </testcase> <!-- checkTest -->
</testsuite> <!-- App Test -->
